<?xml version="1.0" encoding="UTF-8"?>
<!-- Generated by org.testng.reporters.JUnitReportReporter -->
<testsuite skipped="0" hostname="VishalGngwarMAC" name="cricplayFramework.PreLoginTests" tests="3" failures="0" timestamp="21 Apr 2019 13:57:27 GMT" time="0.453" errors="0">
  <testcase name="assertPrediction" time="0.332" classname="cricplayFramework.PreLoginTests"/>
  <testcase name="assertTitle" time="0.006" classname="cricplayFramework.PreLoginTests"/>
  <testcase name="assertHome" time="0.115" classname="cricplayFramework.PreLoginTests"/>
</testsuite> <!-- cricplayFramework.PreLoginTests -->
