<?xml version="1.0" encoding="UTF-8"?>
<!-- Generated by org.testng.reporters.JUnitReportReporter -->
<testsuite skipped="0" hostname="tillt04420.timesgroup.com" name="tests.TestHomePreLogin" tests="3" failures="0" timestamp="25 Apr 2019 05:07:05 GMT" time="0.112" errors="0">
  <testcase name="homeSectionsTest" time="0.056" classname="tests.TestHomePreLogin"/>
  <testcase name="referCard" time="0.028" classname="tests.TestHomePreLogin"/>
  <testcase name="pvtcardTest" time="0.028" classname="tests.TestHomePreLogin"/>
</testsuite> <!-- tests.TestHomePreLogin -->
