<?xml version="1.0" encoding="UTF-8"?>
<!-- Generated by org.testng.reporters.JUnitReportReporter -->
<testsuite skipped="0" hostname="tillt04420.timesgroup.com" name="cricplayFramework.QaFramework" tests="1" failures="0" timestamp="11 Apr 2019 05:33:31 GMT" time="3.009" errors="0">
  <testcase name="assertTitle" time="3.009" classname="cricplayFramework.QaFramework"/>
</testsuite> <!-- cricplayFramework.QaFramework -->
